<?xml version="1.0" encoding="UTF-8"?>
<!-- Generated by org.testng.reporters.JUnitXMLReporter -->
<testsuite ignored="0" hostname="LAPTOP-MUGKO6TA" failures="0" tests="4" name="Login" time="96.671" errors="0" timestamp="2022-11-03T16:13:34 IST">
  <testcase classname="waletpomclass.Disabledandenabledbutton" name="logindata" time="25.117"/>
  <testcase classname="waletpomclass.Disabledandenabledbutton" name="logindata" time="24.08"/>
  <testcase classname="waletpomclass.Disabledandenabledbutton" name="logindata" time="23.965"/>
  <testcase classname="waletpomclass.Testcaseforwihoutclickoncheckbox" name="disabledbutton" time="23.455"/>
</testsuite> <!-- Login -->
