<?xml version="1.0" encoding="UTF-8"?>
<!-- Generated by org.testng.reporters.JUnitXMLReporter -->
<testsuite ignored="0" hostname="LAPTOP-MUGKO6TA" failures="0" tests="7" name="Testlogin" time="176.026" errors="0" timestamp="2022-11-04T15:41:29 IST">
  <testcase classname="waletpomclass.Disabledandenabledbutton" name="logindata" time="23.655"/>
  <testcase classname="waletpomclass.Disabledandenabledbutton" name="logindata" time="22.878"/>
  <testcase classname="waletpomclass.Disabledandenabledbutton" name="logindata" time="23.171"/>
  <testcase classname="waletpomclass.Testcheckboxclickable" name="selectoncheckbox" time="24.292"/>
  <testcase classname="waletpomclass.Testcasefortermcondition" name="clickonlink" time="21.169"/>
  <testcase classname="waletpomclass.Testcaseforwihoutclickoncheckbox" name="disabledbutton" time="22.676"/>
  <testcase classname="waletpomclass.Backbuttoniswoeking" name="browser" time="38.12"/>
</testsuite> <!-- Testlogin -->
